[2024-10-24 13:07:22,564] INFO Starting the log cleaner (kafka.log.LogCleaner)
[2024-10-24 13:28:10,060] INFO Starting the log cleaner (kafka.log.LogCleaner)
[2024-10-24 13:28:10,705] INFO Shutting down the log cleaner. (kafka.log.LogCleaner)
[2024-10-24 13:28:21,424] INFO Starting the log cleaner (kafka.log.LogCleaner)
[2024-10-24 13:39:34,268] INFO Shutting down the log cleaner. (kafka.log.LogCleaner)
[2024-10-31 23:05:23,979] INFO Starting the log cleaner (kafka.log.LogCleaner)
[2024-10-31 23:09:18,125] INFO Starting the log cleaner (kafka.log.LogCleaner)
[2024-10-31 23:09:29,287] INFO Shutting down the log cleaner. (kafka.log.LogCleaner)
[2024-10-31 23:09:41,342] INFO Starting the log cleaner (kafka.log.LogCleaner)
[2024-10-31 23:10:52,904] INFO Starting the log cleaner (kafka.log.LogCleaner)
[2024-10-31 23:11:53,022] INFO Cleaner 0: Beginning cleaning of log __consumer_offsets-46 (kafka.log.LogCleaner)
[2024-10-31 23:11:53,022] INFO Cleaner 0: Building offset map for __consumer_offsets-46... (kafka.log.LogCleaner)
[2024-10-31 23:11:53,048] INFO Cleaner 0: Building offset map for log __consumer_offsets-46 for 1 segments in offset range [0, 1). (kafka.log.LogCleaner)
[2024-10-31 23:11:53,056] INFO Cleaner 0: Offset map for log __consumer_offsets-46 complete. (kafka.log.LogCleaner)
[2024-10-31 23:11:53,059] INFO Cleaner 0: Cleaning log __consumer_offsets-46 (cleaning prior to Thu Oct 24 13:36:21 CST 2024, discarding tombstones prior to upper bound deletion horizon Thu Jan 01 08:00:00 CST 1970)... (kafka.log.LogCleaner)
[2024-10-31 23:11:53,062] INFO Cleaner 0: Cleaning LogSegment(baseOffset=0, size=353, lastModifiedTime=1729748181826, largestRecordTimestamp=1729748181826) in log __consumer_offsets-46 into 0 with an upper bound deletion horizon 0 computed from the segment last modified time of 1729748181826,retaining deletes. (kafka.log.LogCleaner)
[2024-10-31 23:11:53,074] INFO Cleaner 0: Swapping in cleaned segment LogSegment(baseOffset=0, size=353, lastModifiedTime=1729748181826, largestRecordTimestamp=1729748181826) for segment(s) List(LogSegment(baseOffset=0, size=353, lastModifiedTime=1729748181826, largestRecordTimestamp=1729748181826)) in log Log(dir=D:\develop\kafka\kafka\kafka-logs\__consumer_offsets-46, topicId=vXBhHpZ9R5alh2aUY2v7fQ, topic=__consumer_offsets, partition=46, highWatermark=2, lastStableOffset=2, logStartOffset=0, logEndOffset=2) (kafka.log.LogCleaner)
[2024-10-31 23:11:53,094] INFO Cleaner 0: Beginning cleaning of log __consumer_offsets-46 (kafka.log.LogCleaner)
[2024-10-31 23:11:53,094] INFO Cleaner 0: Building offset map for __consumer_offsets-46... (kafka.log.LogCleaner)
[2024-10-31 23:11:53,112] INFO Cleaner 0: Building offset map for log __consumer_offsets-46 for 1 segments in offset range [0, 1). (kafka.log.LogCleaner)
[2024-10-31 23:11:53,113] INFO Cleaner 0: Offset map for log __consumer_offsets-46 complete. (kafka.log.LogCleaner)
[2024-10-31 23:11:53,113] INFO Cleaner 0: Cleaning log __consumer_offsets-46 (cleaning prior to Thu Oct 24 13:36:21 CST 2024, discarding tombstones prior to upper bound deletion horizon Thu Jan 01 08:00:00 CST 1970)... (kafka.log.LogCleaner)
[2024-10-31 23:14:25,271] INFO Starting the log cleaner (kafka.log.LogCleaner)
[2024-10-31 23:14:40,359] INFO Cleaner 0: Beginning cleaning of log __consumer_offsets-46 (kafka.log.LogCleaner)
[2024-10-31 23:14:40,359] INFO Cleaner 0: Building offset map for __consumer_offsets-46... (kafka.log.LogCleaner)
[2024-10-31 23:14:40,378] INFO Cleaner 0: Building offset map for log __consumer_offsets-46 for 1 segments in offset range [0, 1). (kafka.log.LogCleaner)
[2024-10-31 23:14:40,388] INFO Cleaner 0: Offset map for log __consumer_offsets-46 complete. (kafka.log.LogCleaner)
[2024-10-31 23:14:40,392] INFO Cleaner 0: Cleaning log __consumer_offsets-46 (cleaning prior to Thu Oct 24 13:36:21 CST 2024, discarding tombstones prior to upper bound deletion horizon Thu Jan 01 08:00:00 CST 1970)... (kafka.log.LogCleaner)
[2024-10-31 23:14:40,399] INFO Cleaner 0: Cleaning LogSegment(baseOffset=0, size=353, lastModifiedTime=1729748181826, largestRecordTimestamp=-1) in log __consumer_offsets-46 into 0 with an upper bound deletion horizon 0 computed from the segment last modified time of 1729748181826,retaining deletes. (kafka.log.LogCleaner)
[2024-10-31 23:14:40,409] INFO Cleaner 0: Swapping in cleaned segment LogSegment(baseOffset=0, size=353, lastModifiedTime=1729748181826, largestRecordTimestamp=1729748181826) for segment(s) List(LogSegment(baseOffset=0, size=353, lastModifiedTime=1729748181826, largestRecordTimestamp=-1)) in log Log(dir=D:\develop\kafka\kafka\kafka-logs\__consumer_offsets-46, topicId=vXBhHpZ9R5alh2aUY2v7fQ, topic=__consumer_offsets, partition=46, highWatermark=2, lastStableOffset=2, logStartOffset=0, logEndOffset=2) (kafka.log.LogCleaner)
[2024-10-31 23:14:40,435] INFO Cleaner 0: Beginning cleaning of log __consumer_offsets-46 (kafka.log.LogCleaner)
[2024-10-31 23:14:40,435] INFO Cleaner 0: Building offset map for __consumer_offsets-46... (kafka.log.LogCleaner)
[2024-10-31 23:17:27,042] INFO Starting the log cleaner (kafka.log.LogCleaner)
[2024-11-06 18:58:47,587] INFO Starting the log cleaner (kafka.log.LogCleaner)
[2024-11-06 18:58:48,143] INFO Shutting down the log cleaner. (kafka.log.LogCleaner)
[2024-11-06 19:01:48,636] INFO Starting the log cleaner (kafka.log.LogCleaner)
[2024-11-06 20:58:22,329] INFO Shutting down the log cleaner. (kafka.log.LogCleaner)
[2024-11-06 20:58:31,316] INFO Starting the log cleaner (kafka.log.LogCleaner)
